Diagnose log at 2024-08-06T14:30:28Z

AppPath: C:\Program Files\Git\mingw64\bin\git-credential-manager.exe
InstallDir: C:\Program Files\Git\mingw64\bin\
Version: 2.4.1

------------
Diagnostic: Environment
Skipped: False
Success: True
Exception: None
Log:
OSType: Windows
OSVersion: 10.0 (build 22631)
Reading environment variables... OK
 Variables:
HOMEPATH=\Users\anils
DriverData=C:\Windows\System32\Drivers\DriverData
COMPUTERNAME=ANIL-HP
GIT_TRACE2_PARENT_SID=abea7c20-ce72-415c-af61-d1ed3e0de938
CommonProgramFiles(x86)=C:\Program Files (x86)\Common Files
OneDrive=C:\Users\anils\OneDrive
ChocolateyLastPathUpdate=133450506320289856
RegionCode=APJ
TMP=C:\Users\anils\AppData\Local\Temp
PROCESSOR_REVISION=4401
PATHEXT=.COM;.EXE;.BAT;.CMD;.VBS;.VBE;.JS;.JSE;.WSF;.WSH;.MSC;.PY;.PYW;.CPL
GIT_ASKPASS=c:\Users\anils\AppData\Local\Programs\Microsoft VS Code\resources\app\extensions\git\dist\askpass.sh
GIT_EXEC_PATH=C:/Program Files/Git/mingw64/libexec/git-core
TEMP=C:\Users\anils\AppData\Local\Temp
LOCALAPPDATA=C:\Users\anils\AppData\Local
MSYSTEM=MINGW64
SESSIONNAME=Console
PROCESSOR_IDENTIFIER=AMD64 Family 25 Model 68 Stepping 1, AuthenticAMD
ProgramW6432=C:\Program Files
USERDOMAIN=ANIL-HP
platformcode=KV
VSCODE_GIT_ASKPASS_NODE=C:\Users\anils\AppData\Local\Programs\Microsoft VS Code\Code.exe
Path=C:/Program Files/Git/mingw64/libexec/git-core;C:\Program Files\Git\mingw64\bin;C:\Program Files\Git\usr\bin;C:\Users\anils\bin;C:\Python312\Scripts\;C:\Python312\;C:\WINDOWS\system32;C:\WINDOWS;C:\WINDOWS\System32\Wbem;C:\WINDOWS\System32\WindowsPowerShell\v1.0\;C:\WINDOWS\System32\OpenSSH\;C:\ProgramData\chocolatey\bin;C:\Program Files\HP\HP One Agent;C:\Program Files\Docker\Docker\resources\bin;C:\Users\anils\AppData\Roaming\nvm;C:\Program Files\nodejs;C:\Program Files\Git\cmd;C:\Users\anils\AppData\Local\Microsoft\WindowsApps;C:\Users\anils\AppData\Local\Programs\Microsoft VS Code\bin;C:\Users\anils\AppData\Local\Programs\mongosh\;C:\Users\anils\AppData\Roaming\Python\Python312\Scripts;C:\Users\anils\AppData\Roaming\nvm;C:\Program Files\nodejs
TERM_PROGRAM=vscode
PROCESSOR_LEVEL=25
NUMBER_OF_PROCESSORS=16
TMPDIR=C:\Users\anils\AppData\Local\Temp
VSCODE_GIT_ASKPASS_EXTRA_ARGS=
PROMPT=$P$G
TERM_PROGRAM_VERSION=1.88.1
VSCODE_GIT_ASKPASS_MAIN=c:\Users\anils\AppData\Local\Programs\Microsoft VS Code\resources\app\extensions\git\dist\askpass-main.js
ProgramFiles(x86)=C:\Program Files (x86)
PUBLIC=C:\Users\Public
VSCODE_GIT_IPC_HANDLE=\\.\pipe\vscode-git-a781ef6bf4-sock
FPS_BROWSER_USER_PROFILE_STRING=Default
CommonProgramFiles=C:\Program Files (x86)\Common Files
VSCODE_INJECTION=1
CHROME_CRASHPAD_PIPE_NAME=\\.\pipe\crashpad_47420_DLGHTQKUSFTWWFXK
asl.log=Destination=file
ProgramFiles=C:\Program Files (x86)
ProgramData=C:\ProgramData
MSYS=disable_pcon
ChocolateyInstall=C:\ProgramData\chocolatey
PLINK_PROTOCOL=ssh
OnlineServices=Online Services
SystemRoot=C:\WINDOWS
NVM_SYMLINK=C:\Program Files\nodejs
NVM_HOME=C:\Users\anils\AppData\Roaming\nvm
ORIGINAL_XDG_CURRENT_DESKTOP=undefined
HOME=C:\Users\anils
CommonProgramW6432=C:\Program Files\Common Files
LOGONSERVER=\\ANIL-HP
USERPROFILE=C:\Users\anils
COLORTERM=truecolor
USERDOMAIN_ROAMINGPROFILE=ANIL-HP
TERM=xterm-256color
APPDATA=C:\Users\anils\AppData\Roaming
HOMEDRIVE=C:
PSModulePath=C:\Users\anils\OneDrive\Documents\WindowsPowerShell\Modules;C:\Program Files\WindowsPowerShell\Modules;C:\WINDOWS\system32\WindowsPowerShell\v1.0\Modules
EFC_17672=1
USERNAME=anils
PROCESSOR_ARCHITEW6432=AMD64
FPS_BROWSER_APP_PROFILE_STRING=Internet Explorer
PROCESSOR_ARCHITECTURE=x86
OS=Windows_NT
ComSpec=C:\WINDOWS\system32\cmd.exe
SystemDrive=C:
windir=C:\WINDOWS
LANG=en_US.UTF-8
ALLUSERSPROFILE=C:\ProgramData


------------
Diagnostic: File system
Skipped: False
Success: True
Exception: None
Log:
Temporary directory is 'C:\Users\anils\AppData\Local\Temp\'...
Checking basic file I/O...
Writing to temporary file 'C:\Users\anils\AppData\Local\Temp\476a495bb0c821a6a3e6a777'... OK
Reading from temporary file 'C:\Users\anils\AppData\Local\Temp\476a495bb0c821a6a3e6a777'... OK
Deleting temporary file 'C:\Users\anils\AppData\Local\Temp\476a495bb0c821a6a3e6a777'... OK
Testing IFileSystem instance...
UserHomePath: C:\Users\anils
UserDataDirectoryPath: C:\Users\anils\.gcm
GetCurrentDirectory(): D:\AnilData\Business\e-commerce

------------
Diagnostic: Networking
Skipped: False
Success: True
Exception: None
Log:
Checking networking and HTTP stack...
Creating HTTP client... OK
IsNetworkAvailable: True
Sending HEAD request to http://example.com...Sending HEAD request to https://example.com... OK
 OK
Acquiring free TCP port... OK
Testing local HTTP loopback connections...
Creating new HTTP listener for http://localhost:50085/... OK
Waiting for loopback connection... OK
Writing response... OK
Waiting for response data... OK
Loopback connection data OK

------------
Diagnostic: Git
Skipped: False
Success: True
Exception: None
Log:
Getting Git version... OK
Git version is '2.44.0.windows.1'
Locating current repository... OK
Git repository at 'D:/AnilData/Business/e-commerce/.git'
Listing all Git configuration... OK
Git configuration:
file:C:/Program Files/Git/etc/gitconfig	diff.astextplain.textconv=astextplain
file:C:/Program Files/Git/etc/gitconfig	filter.lfs.clean=git-lfs clean -- %f
file:C:/Program Files/Git/etc/gitconfig	filter.lfs.smudge=git-lfs smudge -- %f
file:C:/Program Files/Git/etc/gitconfig	filter.lfs.process=git-lfs filter-process
file:C:/Program Files/Git/etc/gitconfig	filter.lfs.required=true
file:C:/Program Files/Git/etc/gitconfig	http.sslbackend=openssl
file:C:/Program Files/Git/etc/gitconfig	http.sslcainfo=C:/Program Files/Git/mingw64/etc/ssl/certs/ca-bundle.crt
file:C:/Program Files/Git/etc/gitconfig	core.autocrlf=true
file:C:/Program Files/Git/etc/gitconfig	core.fscache=true
file:C:/Program Files/Git/etc/gitconfig	core.symlinks=false
file:C:/Program Files/Git/etc/gitconfig	pull.rebase=false
file:C:/Program Files/Git/etc/gitconfig	init.defaultbranch=master
file:C:/Program Files/Git/etc/gitconfig	credential.helper=manager
file:C:/Program Files/Git/etc/gitconfig	credential.https://dev.azure.com.usehttppath=true
file:C:/Users/anils/.gitconfig	core.editor="C:\Users\anils\AppData\Local\Programs\Microsoft VS Code\bin\code" --wait
file:C:/Users/anils/.gitconfig	user.email=anil_shukla@yahoo.com
file:C:/Users/anils/.gitconfig	user.name=Anil Shukla
file:.git/config	core.repositoryformatversion=0
file:.git/config	core.filemode=false
file:.git/config	core.bare=false
file:.git/config	core.logallrefupdates=true
file:.git/config	core.symlinks=false
file:.git/config	core.ignorecase=true
file:.git/config	remote.origin.url=https://github.com/anilshukla02/Ecommerce.git
file:.git/config	remote.origin.fetch=+refs/heads/*:refs/remotes/origin/*


------------
Diagnostic: Credential storage
Skipped: False
Success: True
Exception: None
Log:
ICredentialStore instance is of type: CredentialStore
Writing test credential... OK
Reading test credential... OK
Deleting test credential... OK

------------
Diagnostic: Microsoft authentication (AAD/MSA)
Skipped: False
Success: True
Exception: None
Log:
Broker is not enabled.
Flow type is: Auto
Gathering MSAL token cache data... OK
CacheDirectory: C:\Users\anils\AppData\Local\.IdentityService
CacheFileName: msal.cache
CacheFilePath: C:\Users\anils\AppData\Local\.IdentityService\msal.cache
Creating cache helper... OK
Verifying MSAL token cache persistence... OK

------------
Diagnostic: GitHub API
Skipped: False
Success: True
Exception: None
Log:
Using 'https://github.com/' as API target.
Querying '/meta' endpoint... OK

